[Note]: Dependency sources are no longer verified automatically during publication and upgrade. You can pass the `--verify-deps` option if you would like to verify them as part of publication or upgrade.
[note] Dependencies on Bridge, MoveStdlib, Sui, and SuiSystem are automatically added, but this feature is disabled for your package because you have explicitly included dependencies on Sui. Consider removing these dependencies from Move.toml.
UPDATING GIT DEPENDENCY https://github.com/MystenLabs/sui.git
INCLUDING DEPENDENCY Sui
INCLUDING DEPENDENCY MoveStdlib
BUILDING taxcoin
[0m[1m[38;5;11mwarning[W02021][0m[1m: duplicate alias[0m
   [0m[34m┌─[0m /Users/john_c_chang/Documents/POC/SpecKit_test/taxcoin-mvp/blockchain/sources/rwa_pool.move:11:23
   [0m[34m│[0m
[0m[34m11[0m [0m[34m│[0m     use sui::object::{[0m[33mSelf[0m, UID};
   [0m[34m│[0m                       [0m[33m^^^^[0m [0m[33mUnnecessary alias 'object' for module 'sui::object'. This alias is provided by default[0m
   [0m[34m│[0m
   [0m[34m=[0m This warning can be suppressed with '#[allow(duplicate_alias)]' applied to the 'module' or module member ('const', 'fun', or 'struct')

[0m[1m[38;5;11mwarning[W02021][0m[1m: duplicate alias[0m
   [0m[34m┌─[0m /Users/john_c_chang/Documents/POC/SpecKit_test/taxcoin-mvp/blockchain/sources/rwa_pool.move:11:29
   [0m[34m│[0m
[0m[34m11[0m [0m[34m│[0m     use sui::object::{Self, [0m[33mUID[0m};
   [0m[34m│[0m                             [0m[33m^^^[0m [0m[33mUnnecessary alias 'UID' for module member 'sui::object::UID'. This alias is provided by default[0m
   [0m[34m│[0m
   [0m[34m=[0m This warning can be suppressed with '#[allow(duplicate_alias)]' applied to the 'module' or module member ('const', 'fun', or 'struct')

[0m[1m[38;5;11mwarning[W02021][0m[1m: duplicate alias[0m
   [0m[34m┌─[0m /Users/john_c_chang/Documents/POC/SpecKit_test/taxcoin-mvp/blockchain/sources/rwa_pool.move:12:14
   [0m[34m│[0m
[0m[34m12[0m [0m[34m│[0m     use sui::[0m[33mtransfer[0m;
   [0m[34m│[0m              [0m[33m^^^^^^^^[0m [0m[33mUnnecessary alias 'transfer' for module 'sui::transfer'. This alias is provided by default[0m
   [0m[34m│[0m
   [0m[34m=[0m This warning can be suppressed with '#[allow(duplicate_alias)]' applied to the 'module' or module member ('const', 'fun', or 'struct')

[0m[1m[38;5;11mwarning[W02021][0m[1m: duplicate alias[0m
   [0m[34m┌─[0m /Users/john_c_chang/Documents/POC/SpecKit_test/taxcoin-mvp/blockchain/sources/rwa_pool.move:13:27
   [0m[34m│[0m
[0m[34m13[0m [0m[34m│[0m     use sui::tx_context::{[0m[33mSelf[0m, TxContext};
   [0m[34m│[0m                           [0m[33m^^^^[0m [0m[33mUnnecessary alias 'tx_context' for module 'sui::tx_context'. This alias is provided by default[0m
   [0m[34m│[0m
   [0m[34m=[0m This warning can be suppressed with '#[allow(duplicate_alias)]' applied to the 'module' or module member ('const', 'fun', or 'struct')

[0m[1m[38;5;11mwarning[W02021][0m[1m: duplicate alias[0m
   [0m[34m┌─[0m /Users/john_c_chang/Documents/POC/SpecKit_test/taxcoin-mvp/blockchain/sources/rwa_pool.move:13:33
   [0m[34m│[0m
[0m[34m13[0m [0m[34m│[0m     use sui::tx_context::{Self, [0m[33mTxContext[0m};
   [0m[34m│[0m                                 [0m[33m^^^^^^^^^[0m [0m[33mUnnecessary alias 'TxContext' for module member 'sui::tx_context::TxContext'. This alias is provided by default[0m
   [0m[34m│[0m
   [0m[34m=[0m This warning can be suppressed with '#[allow(duplicate_alias)]' applied to the 'module' or module member ('const', 'fun', or 'struct')

[0m[1m[38;5;11mwarning[W02021][0m[1m: duplicate alias[0m
   [0m[34m┌─[0m /Users/john_c_chang/Documents/POC/SpecKit_test/taxcoin-mvp/blockchain/sources/rwa_pool.move:21:14
   [0m[34m│[0m
[0m[34m21[0m [0m[34m│[0m     use std::[0m[33mvector[0m;
   [0m[34m│[0m              [0m[33m^^^^^^[0m [0m[33mUnnecessary alias 'vector' for module 'std::vector'. This alias is provided by default[0m
   [0m[34m│[0m
   [0m[34m=[0m This warning can be suppressed with '#[allow(duplicate_alias)]' applied to the 'module' or module member ('const', 'fun', or 'struct')

[0m[1m[38;5;11mwarning[W09011][0m[1m: unused constant[0m
   [0m[34m┌─[0m /Users/john_c_chang/Documents/POC/SpecKit_test/taxcoin-mvp/blockchain/sources/rwa_pool.move:40:11
   [0m[34m│[0m
[0m[34m40[0m [0m[34m│[0m     const [0m[33mRISK_LOW[0m: u8 = 0;
   [0m[34m│[0m           [0m[33m^^^^^^^^[0m [0m[33mThe constant 'RISK_LOW' is never used. Consider removing it.[0m
   [0m[34m│[0m
   [0m[34m=[0m This warning can be suppressed with '#[allow(unused_const)]' applied to the 'module' or module member ('const', 'fun', or 'struct')

[0m[1m[38;5;11mwarning[W09011][0m[1m: unused constant[0m
   [0m[34m┌─[0m /Users/john_c_chang/Documents/POC/SpecKit_test/taxcoin-mvp/blockchain/sources/rwa_pool.move:41:11
   [0m[34m│[0m
[0m[34m41[0m [0m[34m│[0m     const [0m[33mRISK_MEDIUM[0m: u8 = 1;
   [0m[34m│[0m           [0m[33m^^^^^^^^^^^[0m [0m[33mThe constant 'RISK_MEDIUM' is never used. Consider removing it.[0m
   [0m[34m│[0m
   [0m[34m=[0m This warning can be suppressed with '#[allow(unused_const)]' applied to the 'module' or module member ('const', 'fun', or 'struct')

[0m[1m[38;5;11mwarning[W09011][0m[1m: unused constant[0m
   [0m[34m┌─[0m /Users/john_c_chang/Documents/POC/SpecKit_test/taxcoin-mvp/blockchain/sources/rwa_pool.move:42:11
   [0m[34m│[0m
[0m[34m42[0m [0m[34m│[0m     const [0m[33mRISK_HIGH[0m: u8 = 2;
   [0m[34m│[0m           [0m[33m^^^^^^^^^[0m [0m[33mThe constant 'RISK_HIGH' is never used. Consider removing it.[0m
   [0m[34m│[0m
   [0m[34m=[0m This warning can be suppressed with '#[allow(unused_const)]' applied to the 'module' or module member ('const', 'fun', or 'struct')

[0m[1m[38;5;11mwarning[Lint W99010][0m[1m: unnecessary `entry` on a `public` function[0m
    [0m[34m┌─[0m /Users/john_c_chang/Documents/POC/SpecKit_test/taxcoin-mvp/blockchain/sources/rwa_pool.move:185:12
    [0m[34m│[0m
[0m[34m185[0m [0m[34m│[0m     public [0m[33mentry[0m fun create_pool(
    [0m[34m│[0m            [0m[33m^^^^^[0m [0m[33m`entry` on `public` functions limits composability as it adds restrictions, e.g. the type of each return value must have `drop`. `entry` on `public` is only meaningful in niche scenarios.[0m
    [0m[34m│[0m
    [0m[34m=[0m `public` functions can be called from PTBs. `entry` can be used to allow non-`public` functions to be called from PTBs, but it adds restrictions on the usage of input arguments and on the type of return values. Unless this `public` function interacts with an intricate set of other `entry` functions, the `entry` modifier should be removed.
    [0m[34m=[0m This warning can be suppressed with '#[allow(lint(public_entry))]' applied to the 'module' or module member ('const', 'fun', or 'struct')

[0m[1m[38;5;11mwarning[Lint W99010][0m[1m: unnecessary `entry` on a `public` function[0m
    [0m[34m┌─[0m /Users/john_c_chang/Documents/POC/SpecKit_test/taxcoin-mvp/blockchain/sources/rwa_pool.move:241:12
    [0m[34m│[0m
[0m[34m241[0m [0m[34m│[0m     public [0m[33mentry[0m fun invest(
    [0m[34m│[0m            [0m[33m^^^^^[0m [0m[33m`entry` on `public` functions limits composability as it adds restrictions, e.g. the type of each return value must have `drop`. `entry` on `public` is only meaningful in niche scenarios.[0m
    [0m[34m│[0m
    [0m[34m=[0m `public` functions can be called from PTBs. `entry` can be used to allow non-`public` functions to be called from PTBs, but it adds restrictions on the usage of input arguments and on the type of return values. Unless this `public` function interacts with an intricate set of other `entry` functions, the `entry` modifier should be removed.
    [0m[34m=[0m This warning can be suppressed with '#[allow(lint(public_entry))]' applied to the 'module' or module member ('const', 'fun', or 'struct')

[0m[1m[38;5;11mwarning[Lint W99010][0m[1m: unnecessary `entry` on a `public` function[0m
    [0m[34m┌─[0m /Users/john_c_chang/Documents/POC/SpecKit_test/taxcoin-mvp/blockchain/sources/rwa_pool.move:308:12
    [0m[34m│[0m
[0m[34m308[0m [0m[34m│[0m     public [0m[33mentry[0m fun settle_pool(
    [0m[34m│[0m            [0m[33m^^^^^[0m [0m[33m`entry` on `public` functions limits composability as it adds restrictions, e.g. the type of each return value must have `drop`. `entry` on `public` is only meaningful in niche scenarios.[0m
    [0m[34m│[0m
    [0m[34m=[0m `public` functions can be called from PTBs. `entry` can be used to allow non-`public` functions to be called from PTBs, but it adds restrictions on the usage of input arguments and on the type of return values. Unless this `public` function interacts with an intricate set of other `entry` functions, the `entry` modifier should be removed.
    [0m[34m=[0m This warning can be suppressed with '#[allow(lint(public_entry))]' applied to the 'module' or module member ('const', 'fun', or 'struct')

[0m[1m[38;5;11mwarning[Lint W99010][0m[1m: unnecessary `entry` on a `public` function[0m
    [0m[34m┌─[0m /Users/john_c_chang/Documents/POC/SpecKit_test/taxcoin-mvp/blockchain/sources/rwa_pool.move:334:12
    [0m[34m│[0m
[0m[34m334[0m [0m[34m│[0m     public [0m[33mentry[0m fun claim_yield(
    [0m[34m│[0m            [0m[33m^^^^^[0m [0m[33m`entry` on `public` functions limits composability as it adds restrictions, e.g. the type of each return value must have `drop`. `entry` on `public` is only meaningful in niche scenarios.[0m
    [0m[34m│[0m
    [0m[34m=[0m `public` functions can be called from PTBs. `entry` can be used to allow non-`public` functions to be called from PTBs, but it adds restrictions on the usage of input arguments and on the type of return values. Unless this `public` function interacts with an intricate set of other `entry` functions, the `entry` modifier should be removed.
    [0m[34m=[0m This warning can be suppressed with '#[allow(lint(public_entry))]' applied to the 'module' or module member ('const', 'fun', or 'struct')

[0m[1m[38;5;11mwarning[W09014][0m[1m: unused mutable reference '&mut' parameter[0m
    [0m[34m┌─[0m /Users/john_c_chang/Documents/POC/SpecKit_test/taxcoin-mvp/blockchain/sources/rwa_pool.move:383:14
    [0m[34m│[0m
[0m[34m383[0m [0m[34m│[0m         ctx: [0m[33m&mut TxContext[0m
    [0m[34m│[0m         [0m[34m---[0m  [0m[33m^^^^^^^^^^^^^^[0m [0m[33mMutable reference is never used mutably, consider switching to an immutable reference '&' instead[0m
    [0m[34m│[0m         [0m[34m│[0m     
    [0m[34m│[0m         [0m[34mFor parameters, this can be silenced by prefixing the name with an underscore, e.g. '_ctx'[0m
    [0m[34m│[0m
    [0m[34m=[0m This warning can be suppressed with '#[allow(unused_mut_parameter)]' applied to the 'module' or module member ('const', 'fun', or 'struct')

[0m[1m[38;5;11mwarning[Lint W99010][0m[1m: unnecessary `entry` on a `public` function[0m
    [0m[34m┌─[0m /Users/john_c_chang/Documents/POC/SpecKit_test/taxcoin-mvp/blockchain/sources/rwa_pool.move:397:12
    [0m[34m│[0m
[0m[34m397[0m [0m[34m│[0m     public [0m[33mentry[0m fun check_and_update_status(
    [0m[34m│[0m            [0m[33m^^^^^[0m [0m[33m`entry` on `public` functions limits composability as it adds restrictions, e.g. the type of each return value must have `drop`. `entry` on `public` is only meaningful in niche scenarios.[0m
    [0m[34m│[0m
    [0m[34m=[0m `public` functions can be called from PTBs. `entry` can be used to allow non-`public` functions to be called from PTBs, but it adds restrictions on the usage of input arguments and on the type of return values. Unless this `public` function interacts with an intricate set of other `entry` functions, the `entry` modifier should be removed.
    [0m[34m=[0m This warning can be suppressed with '#[allow(lint(public_entry))]' applied to the 'module' or module member ('const', 'fun', or 'struct')

[0m[1m[38;5;11mwarning[W02021][0m[1m: duplicate alias[0m
   [0m[34m┌─[0m /Users/john_c_chang/Documents/POC/SpecKit_test/taxcoin-mvp/blockchain/sources/rwa_token.move:10:23
   [0m[34m│[0m
[0m[34m10[0m [0m[34m│[0m     use sui::object::{[0m[33mSelf[0m, UID};
   [0m[34m│[0m                       [0m[33m^^^^[0m [0m[33mUnnecessary alias 'object' for module 'sui::object'. This alias is provided by default[0m
   [0m[34m│[0m
   [0m[34m=[0m This warning can be suppressed with '#[allow(duplicate_alias)]' applied to the 'module' or module member ('const', 'fun', or 'struct')

[0m[1m[38;5;11mwarning[W02021][0m[1m: duplicate alias[0m
   [0m[34m┌─[0m /Users/john_c_chang/Documents/POC/SpecKit_test/taxcoin-mvp/blockchain/sources/rwa_token.move:10:29
   [0m[34m│[0m
[0m[34m10[0m [0m[34m│[0m     use sui::object::{Self, [0m[33mUID[0m};
   [0m[34m│[0m                             [0m[33m^^^[0m [0m[33mUnnecessary alias 'UID' for module member 'sui::object::UID'. This alias is provided by default[0m
   [0m[34m│[0m
   [0m[34m=[0m This warning can be suppressed with '#[allow(duplicate_alias)]' applied to the 'module' or module member ('const', 'fun', or 'struct')

[0m[1m[38;5;11mwarning[W02021][0m[1m: duplicate alias[0m
   [0m[34m┌─[0m /Users/john_c_chang/Documents/POC/SpecKit_test/taxcoin-mvp/blockchain/sources/rwa_token.move:11:14
   [0m[34m│[0m
[0m[34m11[0m [0m[34m│[0m     use sui::[0m[33mtransfer[0m;
   [0m[34m│[0m              [0m[33m^^^^^^^^[0m [0m[33mUnnecessary alias 'transfer' for module 'sui::transfer'. This alias is provided by default[0m
   [0m[34m│[0m
   [0m[34m=[0m This warning can be suppressed with '#[allow(duplicate_alias)]' applied to the 'module' or module member ('const', 'fun', or 'struct')

[0m[1m[38;5;11mwarning[W02021][0m[1m: duplicate alias[0m
   [0m[34m┌─[0m /Users/john_c_chang/Documents/POC/SpecKit_test/taxcoin-mvp/blockchain/sources/rwa_token.move:12:27
   [0m[34m│[0m
[0m[34m12[0m [0m[34m│[0m     use sui::tx_context::{[0m[33mSelf[0m, TxContext};
   [0m[34m│[0m                           [0m[33m^^^^[0m [0m[33mUnnecessary alias 'tx_context' for module 'sui::tx_context'. This alias is provided by default[0m
   [0m[34m│[0m
   [0m[34m=[0m This warning can be suppressed with '#[allow(duplicate_alias)]' applied to the 'module' or module member ('const', 'fun', or 'struct')

[0m[1m[38;5;11mwarning[W02021][0m[1m: duplicate alias[0m
   [0m[34m┌─[0m /Users/john_c_chang/Documents/POC/SpecKit_test/taxcoin-mvp/blockchain/sources/rwa_token.move:12:33
   [0m[34m│[0m
[0m[34m12[0m [0m[34m│[0m     use sui::tx_context::{Self, [0m[33mTxContext[0m};
   [0m[34m│[0m                                 [0m[33m^^^^^^^^^[0m [0m[33mUnnecessary alias 'TxContext' for module member 'sui::tx_context::TxContext'. This alias is provided by default[0m
   [0m[34m│[0m
   [0m[34m=[0m This warning can be suppressed with '#[allow(duplicate_alias)]' applied to the 'module' or module member ('const', 'fun', or 'struct')

[0m[1m[38;5;11mwarning[W09011][0m[1m: unused constant[0m
   [0m[34m┌─[0m /Users/john_c_chang/Documents/POC/SpecKit_test/taxcoin-mvp/blockchain/sources/rwa_token.move:17:11
   [0m[34m│[0m
[0m[34m17[0m [0m[34m│[0m     const [0m[33mE_NOT_AUTHORIZED[0m: u64 = 1;
   [0m[34m│[0m           [0m[33m^^^^^^^^^^^^^^^^[0m [0m[33mThe constant 'E_NOT_AUTHORIZED' is never used. Consider removing it.[0m
   [0m[34m│[0m
   [0m[34m=[0m This warning can be suppressed with '#[allow(unused_const)]' applied to the 'module' or module member ('const', 'fun', or 'struct')

[0m[1m[38;5;11mwarning[Lint W99010][0m[1m: unnecessary `entry` on a `public` function[0m
    [0m[34m┌─[0m /Users/john_c_chang/Documents/POC/SpecKit_test/taxcoin-mvp/blockchain/sources/rwa_token.move:113:12
    [0m[34m│[0m
[0m[34m113[0m [0m[34m│[0m     public [0m[33mentry[0m fun create_token(
    [0m[34m│[0m            [0m[33m^^^^^[0m [0m[33m`entry` on `public` functions limits composability as it adds restrictions, e.g. the type of each return value must have `drop`. `entry` on `public` is only meaningful in niche scenarios.[0m
    [0m[34m│[0m
    [0m[34m=[0m `public` functions can be called from PTBs. `entry` can be used to allow non-`public` functions to be called from PTBs, but it adds restrictions on the usage of input arguments and on the type of return values. Unless this `public` function interacts with an intricate set of other `entry` functions, the `entry` modifier should be removed.
    [0m[34m=[0m This warning can be suppressed with '#[allow(lint(public_entry))]' applied to the 'module' or module member ('const', 'fun', or 'struct')

[0m[1m[38;5;11mwarning[Lint W99010][0m[1m: unnecessary `entry` on a `public` function[0m
    [0m[34m┌─[0m /Users/john_c_chang/Documents/POC/SpecKit_test/taxcoin-mvp/blockchain/sources/rwa_token.move:155:12
    [0m[34m│[0m
[0m[34m155[0m [0m[34m│[0m     public [0m[33mentry[0m fun mark_sold(
    [0m[34m│[0m            [0m[33m^^^^^[0m [0m[33m`entry` on `public` functions limits composability as it adds restrictions, e.g. the type of each return value must have `drop`. `entry` on `public` is only meaningful in niche scenarios.[0m
    [0m[34m│[0m
    [0m[34m=[0m `public` functions can be called from PTBs. `entry` can be used to allow non-`public` functions to be called from PTBs, but it adds restrictions on the usage of input arguments and on the type of return values. Unless this `public` function interacts with an intricate set of other `entry` functions, the `entry` modifier should be removed.
    [0m[34m=[0m This warning can be suppressed with '#[allow(lint(public_entry))]' applied to the 'module' or module member ('const', 'fun', or 'struct')

[0m[1m[38;5;11mwarning[Lint W99010][0m[1m: unnecessary `entry` on a `public` function[0m
    [0m[34m┌─[0m /Users/john_c_chang/Documents/POC/SpecKit_test/taxcoin-mvp/blockchain/sources/rwa_token.move:180:12
    [0m[34m│[0m
[0m[34m180[0m [0m[34m│[0m     public [0m[33mentry[0m fun redeem(
    [0m[34m│[0m            [0m[33m^^^^^[0m [0m[33m`entry` on `public` functions limits composability as it adds restrictions, e.g. the type of each return value must have `drop`. `entry` on `public` is only meaningful in niche scenarios.[0m
    [0m[34m│[0m
    [0m[34m=[0m `public` functions can be called from PTBs. `entry` can be used to allow non-`public` functions to be called from PTBs, but it adds restrictions on the usage of input arguments and on the type of return values. Unless this `public` function interacts with an intricate set of other `entry` functions, the `entry` modifier should be removed.
    [0m[34m=[0m This warning can be suppressed with '#[allow(lint(public_entry))]' applied to the 'module' or module member ('const', 'fun', or 'struct')

[0m[1m[38;5;11mwarning[Lint W99010][0m[1m: unnecessary `entry` on a `public` function[0m
    [0m[34m┌─[0m /Users/john_c_chang/Documents/POC/SpecKit_test/taxcoin-mvp/blockchain/sources/rwa_token.move:219:12
    [0m[34m│[0m
[0m[34m219[0m [0m[34m│[0m     public [0m[33mentry[0m fun batch_redeem(
    [0m[34m│[0m            [0m[33m^^^^^[0m [0m[33m`entry` on `public` functions limits composability as it adds restrictions, e.g. the type of each return value must have `drop`. `entry` on `public` is only meaningful in niche scenarios.[0m
    [0m[34m│[0m
    [0m[34m=[0m `public` functions can be called from PTBs. `entry` can be used to allow non-`public` functions to be called from PTBs, but it adds restrictions on the usage of input arguments and on the type of return values. Unless this `public` function interacts with an intricate set of other `entry` functions, the `entry` modifier should be removed.
    [0m[34m=[0m This warning can be suppressed with '#[allow(lint(public_entry))]' applied to the 'module' or module member ('const', 'fun', or 'struct')

[0m[1m[38;5;11mwarning[W02021][0m[1m: duplicate alias[0m
   [0m[34m┌─[0m /Users/john_c_chang/Documents/POC/SpecKit_test/taxcoin-mvp/blockchain/sources/tax_claim_nft.move:10:23
   [0m[34m│[0m
[0m[34m10[0m [0m[34m│[0m     use sui::object::{[0m[33mSelf[0m, UID};
   [0m[34m│[0m                       [0m[33m^^^^[0m [0m[33mUnnecessary alias 'object' for module 'sui::object'. This alias is provided by default[0m
   [0m[34m│[0m
   [0m[34m=[0m This warning can be suppressed with '#[allow(duplicate_alias)]' applied to the 'module' or module member ('const', 'fun', or 'struct')

[0m[1m[38;5;11mwarning[W02021][0m[1m: duplicate alias[0m
   [0m[34m┌─[0m /Users/john_c_chang/Documents/POC/SpecKit_test/taxcoin-mvp/blockchain/sources/tax_claim_nft.move:10:29
   [0m[34m│[0m
[0m[34m10[0m [0m[34m│[0m     use sui::object::{Self, [0m[33mUID[0m};
   [0m[34m│[0m                             [0m[33m^^^[0m [0m[33mUnnecessary alias 'UID' for module member 'sui::object::UID'. This alias is provided by default[0m
   [0m[34m│[0m
   [0m[34m=[0m This warning can be suppressed with '#[allow(duplicate_alias)]' applied to the 'module' or module member ('const', 'fun', or 'struct')

[0m[1m[38;5;11mwarning[W02021][0m[1m: duplicate alias[0m
   [0m[34m┌─[0m /Users/john_c_chang/Documents/POC/SpecKit_test/taxcoin-mvp/blockchain/sources/tax_claim_nft.move:11:14
   [0m[34m│[0m
[0m[34m11[0m [0m[34m│[0m     use sui::[0m[33mtransfer[0m;
   [0m[34m│[0m              [0m[33m^^^^^^^^[0m [0m[33mUnnecessary alias 'transfer' for module 'sui::transfer'. This alias is provided by default[0m
   [0m[34m│[0m
   [0m[34m=[0m This warning can be suppressed with '#[allow(duplicate_alias)]' applied to the 'module' or module member ('const', 'fun', or 'struct')

[0m[1m[38;5;11mwarning[W02021][0m[1m: duplicate alias[0m
   [0m[34m┌─[0m /Users/john_c_chang/Documents/POC/SpecKit_test/taxcoin-mvp/blockchain/sources/tax_claim_nft.move:12:27
   [0m[34m│[0m
[0m[34m12[0m [0m[34m│[0m     use sui::tx_context::{[0m[33mSelf[0m, TxContext};
   [0m[34m│[0m                           [0m[33m^^^^[0m [0m[33mUnnecessary alias 'tx_context' for module 'sui::tx_context'. This alias is provided by default[0m
   [0m[34m│[0m
   [0m[34m=[0m This warning can be suppressed with '#[allow(duplicate_alias)]' applied to the 'module' or module member ('const', 'fun', or 'struct')

[0m[1m[38;5;11mwarning[W02021][0m[1m: duplicate alias[0m
   [0m[34m┌─[0m /Users/john_c_chang/Documents/POC/SpecKit_test/taxcoin-mvp/blockchain/sources/tax_claim_nft.move:12:33
   [0m[34m│[0m
[0m[34m12[0m [0m[34m│[0m     use sui::tx_context::{Self, [0m[33mTxContext[0m};
   [0m[34m│[0m                                 [0m[33m^^^^^^^^^[0m [0m[33mUnnecessary alias 'TxContext' for module member 'sui::tx_context::TxContext'. This alias is provided by default[0m
   [0m[34m│[0m
   [0m[34m=[0m This warning can be suppressed with '#[allow(duplicate_alias)]' applied to the 'module' or module member ('const', 'fun', or 'struct')

[0m[1m[38;5;11mwarning[W09011][0m[1m: unused constant[0m
   [0m[34m┌─[0m /Users/john_c_chang/Documents/POC/SpecKit_test/taxcoin-mvp/blockchain/sources/tax_claim_nft.move:19:11
   [0m[34m│[0m
[0m[34m19[0m [0m[34m│[0m     const [0m[33mE_NOT_AUTHORIZED[0m: u64 = 1;
   [0m[34m│[0m           [0m[33m^^^^^^^^^^^^^^^^[0m [0m[33mThe constant 'E_NOT_AUTHORIZED' is never used. Consider removing it.[0m
   [0m[34m│[0m
   [0m[34m=[0m This warning can be suppressed with '#[allow(unused_const)]' applied to the 'module' or module member ('const', 'fun', or 'struct')

[0m[1m[38;5;11mwarning[Lint W99010][0m[1m: unnecessary `entry` on a `public` function[0m
    [0m[34m┌─[0m /Users/john_c_chang/Documents/POC/SpecKit_test/taxcoin-mvp/blockchain/sources/tax_claim_nft.move:173:12
    [0m[34m│[0m
[0m[34m173[0m [0m[34m│[0m     public [0m[33mentry[0m fun mint(
    [0m[34m│[0m            [0m[33m^^^^^[0m [0m[33m`entry` on `public` functions limits composability as it adds restrictions, e.g. the type of each return value must have `drop`. `entry` on `public` is only meaningful in niche scenarios.[0m
    [0m[34m│[0m
    [0m[34m=[0m `public` functions can be called from PTBs. `entry` can be used to allow non-`public` functions to be called from PTBs, but it adds restrictions on the usage of input arguments and on the type of return values. Unless this `public` function interacts with an intricate set of other `entry` functions, the `entry` modifier should be removed.
    [0m[34m=[0m This warning can be suppressed with '#[allow(lint(public_entry))]' applied to the 'module' or module member ('const', 'fun', or 'struct')

[0m[1m[38;5;11mwarning[Lint W99010][0m[1m: unnecessary `entry` on a `public` function[0m
    [0m[34m┌─[0m /Users/john_c_chang/Documents/POC/SpecKit_test/taxcoin-mvp/blockchain/sources/tax_claim_nft.move:227:12
    [0m[34m│[0m
[0m[34m227[0m [0m[34m│[0m     public [0m[33mentry[0m fun approve(
    [0m[34m│[0m            [0m[33m^^^^^[0m [0m[33m`entry` on `public` functions limits composability as it adds restrictions, e.g. the type of each return value must have `drop`. `entry` on `public` is only meaningful in niche scenarios.[0m
    [0m[34m│[0m
    [0m[34m=[0m `public` functions can be called from PTBs. `entry` can be used to allow non-`public` functions to be called from PTBs, but it adds restrictions on the usage of input arguments and on the type of return values. Unless this `public` function interacts with an intricate set of other `entry` functions, the `entry` modifier should be removed.
    [0m[34m=[0m This warning can be suppressed with '#[allow(lint(public_entry))]' applied to the 'module' or module member ('const', 'fun', or 'struct')

[0m[1m[38;5;11mwarning[Lint W99010][0m[1m: unnecessary `entry` on a `public` function[0m
    [0m[34m┌─[0m /Users/john_c_chang/Documents/POC/SpecKit_test/taxcoin-mvp/blockchain/sources/tax_claim_nft.move:249:12
    [0m[34m│[0m
[0m[34m249[0m [0m[34m│[0m     public [0m[33mentry[0m fun reject(
    [0m[34m│[0m            [0m[33m^^^^^[0m [0m[33m`entry` on `public` functions limits composability as it adds restrictions, e.g. the type of each return value must have `drop`. `entry` on `public` is only meaningful in niche scenarios.[0m
    [0m[34m│[0m
    [0m[34m=[0m `public` functions can be called from PTBs. `entry` can be used to allow non-`public` functions to be called from PTBs, but it adds restrictions on the usage of input arguments and on the type of return values. Unless this `public` function interacts with an intricate set of other `entry` functions, the `entry` modifier should be removed.
    [0m[34m=[0m This warning can be suppressed with '#[allow(lint(public_entry))]' applied to the 'module' or module member ('const', 'fun', or 'struct')

[0m[1m[38;5;11mwarning[Lint W99010][0m[1m: unnecessary `entry` on a `public` function[0m
    [0m[34m┌─[0m /Users/john_c_chang/Documents/POC/SpecKit_test/taxcoin-mvp/blockchain/sources/tax_claim_nft.move:273:12
    [0m[34m│[0m
[0m[34m273[0m [0m[34m│[0m     public [0m[33mentry[0m fun mark_disbursed(
    [0m[34m│[0m            [0m[33m^^^^^[0m [0m[33m`entry` on `public` functions limits composability as it adds restrictions, e.g. the type of each return value must have `drop`. `entry` on `public` is only meaningful in niche scenarios.[0m
    [0m[34m│[0m
    [0m[34m=[0m `public` functions can be called from PTBs. `entry` can be used to allow non-`public` functions to be called from PTBs, but it adds restrictions on the usage of input arguments and on the type of return values. Unless this `public` function interacts with an intricate set of other `entry` functions, the `entry` modifier should be removed.
    [0m[34m=[0m This warning can be suppressed with '#[allow(lint(public_entry))]' applied to the 'module' or module member ('const', 'fun', or 'struct')

[0m[1m[38;5;11mwarning[Lint W99010][0m[1m: unnecessary `entry` on a `public` function[0m
    [0m[34m┌─[0m /Users/john_c_chang/Documents/POC/SpecKit_test/taxcoin-mvp/blockchain/sources/tax_claim_nft.move:312:12
    [0m[34m│[0m
[0m[34m312[0m [0m[34m│[0m     public [0m[33mentry[0m fun emergency_transfer(
    [0m[34m│[0m            [0m[33m^^^^^[0m [0m[33m`entry` on `public` functions limits composability as it adds restrictions, e.g. the type of each return value must have `drop`. `entry` on `public` is only meaningful in niche scenarios.[0m
    [0m[34m│[0m
    [0m[34m=[0m `public` functions can be called from PTBs. `entry` can be used to allow non-`public` functions to be called from PTBs, but it adds restrictions on the usage of input arguments and on the type of return values. Unless this `public` function interacts with an intricate set of other `entry` functions, the `entry` modifier should be removed.
    [0m[34m=[0m This warning can be suppressed with '#[allow(lint(public_entry))]' applied to the 'module' or module member ('const', 'fun', or 'struct')

[0m[1m[38;5;11mwarning[W02021][0m[1m: duplicate alias[0m
   [0m[34m┌─[0m /Users/john_c_chang/Documents/POC/SpecKit_test/taxcoin-mvp/blockchain/sources/exchange.move:12:23
   [0m[34m│[0m
[0m[34m12[0m [0m[34m│[0m     use sui::object::{[0m[33mSelf[0m, UID};
   [0m[34m│[0m                       [0m[33m^^^^[0m [0m[33mUnnecessary alias 'object' for module 'sui::object'. This alias is provided by default[0m
   [0m[34m│[0m
   [0m[34m=[0m This warning can be suppressed with '#[allow(duplicate_alias)]' applied to the 'module' or module member ('const', 'fun', or 'struct')

[0m[1m[38;5;11mwarning[W02021][0m[1m: duplicate alias[0m
   [0m[34m┌─[0m /Users/john_c_chang/Documents/POC/SpecKit_test/taxcoin-mvp/blockchain/sources/exchange.move:12:29
   [0m[34m│[0m
[0m[34m12[0m [0m[34m│[0m     use sui::object::{Self, [0m[33mUID[0m};
   [0m[34m│[0m                             [0m[33m^^^[0m [0m[33mUnnecessary alias 'UID' for module member 'sui::object::UID'. This alias is provided by default[0m
   [0m[34m│[0m
   [0m[34m=[0m This warning can be suppressed with '#[allow(duplicate_alias)]' applied to the 'module' or module member ('const', 'fun', or 'struct')

[0m[1m[38;5;11mwarning[W02021][0m[1m: duplicate alias[0m
   [0m[34m┌─[0m /Users/john_c_chang/Documents/POC/SpecKit_test/taxcoin-mvp/blockchain/sources/exchange.move:13:14
   [0m[34m│[0m
[0m[34m13[0m [0m[34m│[0m     use sui::[0m[33mtransfer[0m;
   [0m[34m│[0m              [0m[33m^^^^^^^^[0m [0m[33mUnnecessary alias 'transfer' for module 'sui::transfer'. This alias is provided by default[0m
   [0m[34m│[0m
   [0m[34m=[0m This warning can be suppressed with '#[allow(duplicate_alias)]' applied to the 'module' or module member ('const', 'fun', or 'struct')

[0m[1m[38;5;11mwarning[W02021][0m[1m: duplicate alias[0m
   [0m[34m┌─[0m /Users/john_c_chang/Documents/POC/SpecKit_test/taxcoin-mvp/blockchain/sources/exchange.move:14:27
   [0m[34m│[0m
[0m[34m14[0m [0m[34m│[0m     use sui::tx_context::{[0m[33mSelf[0m, TxContext};
   [0m[34m│[0m                           [0m[33m^^^^[0m [0m[33mUnnecessary alias 'tx_context' for module 'sui::tx_context'. This alias is provided by default[0m
   [0m[34m│[0m
   [0m[34m=[0m This warning can be suppressed with '#[allow(duplicate_alias)]' applied to the 'module' or module member ('const', 'fun', or 'struct')

[0m[1m[38;5;11mwarning[W02021][0m[1m: duplicate alias[0m
   [0m[34m┌─[0m /Users/john_c_chang/Documents/POC/SpecKit_test/taxcoin-mvp/blockchain/sources/exchange.move:14:33
   [0m[34m│[0m
[0m[34m14[0m [0m[34m│[0m     use sui::tx_context::{Self, [0m[33mTxContext[0m};
   [0m[34m│[0m                                 [0m[33m^^^^^^^^^[0m [0m[33mUnnecessary alias 'TxContext' for module member 'sui::tx_context::TxContext'. This alias is provided by default[0m
   [0m[34m│[0m
   [0m[34m=[0m This warning can be suppressed with '#[allow(duplicate_alias)]' applied to the 'module' or module member ('const', 'fun', or 'struct')

[0m[1m[38;5;11mwarning[W09001][0m[1m: unused alias[0m
   [0m[34m┌─[0m /Users/john_c_chang/Documents/POC/SpecKit_test/taxcoin-mvp/blockchain/sources/exchange.move:19:14
   [0m[34m│[0m
[0m[34m19[0m [0m[34m│[0m     use sui::[0m[33mmath[0m;
   [0m[34m│[0m              [0m[33m^^^^[0m [0m[33mUnused 'use' of alias 'math'. Consider removing it[0m
   [0m[34m│[0m
   [0m[34m=[0m This warning can be suppressed with '#[allow(unused_use)]' applied to the 'module' or module member ('const', 'fun', or 'struct')

[0m[1m[38;5;11mwarning[Lint W99010][0m[1m: unnecessary `entry` on a `public` function[0m
    [0m[34m┌─[0m /Users/john_c_chang/Documents/POC/SpecKit_test/taxcoin-mvp/blockchain/sources/exchange.move:144:12
    [0m[34m│[0m
[0m[34m144[0m [0m[34m│[0m     public [0m[33mentry[0m fun add_liquidity(
    [0m[34m│[0m            [0m[33m^^^^^[0m [0m[33m`entry` on `public` functions limits composability as it adds restrictions, e.g. the type of each return value must have `drop`. `entry` on `public` is only meaningful in niche scenarios.[0m
    [0m[34m│[0m
    [0m[34m=[0m `public` functions can be called from PTBs. `entry` can be used to allow non-`public` functions to be called from PTBs, but it adds restrictions on the usage of input arguments and on the type of return values. Unless this `public` function interacts with an intricate set of other `entry` functions, the `entry` modifier should be removed.
    [0m[34m=[0m This warning can be suppressed with '#[allow(lint(public_entry))]' applied to the 'module' or module member ('const', 'fun', or 'struct')

[0m[1m[38;5;11mwarning[Lint W99010][0m[1m: unnecessary `entry` on a `public` function[0m
    [0m[34m┌─[0m /Users/john_c_chang/Documents/POC/SpecKit_test/taxcoin-mvp/blockchain/sources/exchange.move:218:12
    [0m[34m│[0m
[0m[34m218[0m [0m[34m│[0m     public [0m[33mentry[0m fun remove_liquidity(
    [0m[34m│[0m            [0m[33m^^^^^[0m [0m[33m`entry` on `public` functions limits composability as it adds restrictions, e.g. the type of each return value must have `drop`. `entry` on `public` is only meaningful in niche scenarios.[0m
    [0m[34m│[0m
    [0m[34m=[0m `public` functions can be called from PTBs. `entry` can be used to allow non-`public` functions to be called from PTBs, but it adds restrictions on the usage of input arguments and on the type of return values. Unless this `public` function interacts with an intricate set of other `entry` functions, the `entry` modifier should be removed.
    [0m[34m=[0m This warning can be suppressed with '#[allow(lint(public_entry))]' applied to the 'module' or module member ('const', 'fun', or 'struct')

[0m[1m[38;5;11mwarning[Lint W99010][0m[1m: unnecessary `entry` on a `public` function[0m
    [0m[34m┌─[0m /Users/john_c_chang/Documents/POC/SpecKit_test/taxcoin-mvp/blockchain/sources/exchange.move:279:12
    [0m[34m│[0m
[0m[34m279[0m [0m[34m│[0m     public [0m[33mentry[0m fun swap_sui_to_taxcoin(
    [0m[34m│[0m            [0m[33m^^^^^[0m [0m[33m`entry` on `public` functions limits composability as it adds restrictions, e.g. the type of each return value must have `drop`. `entry` on `public` is only meaningful in niche scenarios.[0m
    [0m[34m│[0m
    [0m[34m=[0m `public` functions can be called from PTBs. `entry` can be used to allow non-`public` functions to be called from PTBs, but it adds restrictions on the usage of input arguments and on the type of return values. Unless this `public` function interacts with an intricate set of other `entry` functions, the `entry` modifier should be removed.
    [0m[34m=[0m This warning can be suppressed with '#[allow(lint(public_entry))]' applied to the 'module' or module member ('const', 'fun', or 'struct')

[0m[1m[38;5;11mwarning[Lint W99010][0m[1m: unnecessary `entry` on a `public` function[0m
    [0m[34m┌─[0m /Users/john_c_chang/Documents/POC/SpecKit_test/taxcoin-mvp/blockchain/sources/exchange.move:337:12
    [0m[34m│[0m
[0m[34m337[0m [0m[34m│[0m     public [0m[33mentry[0m fun swap_taxcoin_to_sui(
    [0m[34m│[0m            [0m[33m^^^^^[0m [0m[33m`entry` on `public` functions limits composability as it adds restrictions, e.g. the type of each return value must have `drop`. `entry` on `public` is only meaningful in niche scenarios.[0m
    [0m[34m│[0m
    [0m[34m=[0m `public` functions can be called from PTBs. `entry` can be used to allow non-`public` functions to be called from PTBs, but it adds restrictions on the usage of input arguments and on the type of return values. Unless this `public` function interacts with an intricate set of other `entry` functions, the `entry` modifier should be removed.
    [0m[34m=[0m This warning can be suppressed with '#[allow(lint(public_entry))]' applied to the 'module' or module member ('const', 'fun', or 'struct')

[0m[1m[38;5;11mwarning[W09014][0m[1m: unused mutable reference '&mut' parameter[0m
    [0m[34m┌─[0m /Users/john_c_chang/Documents/POC/SpecKit_test/taxcoin-mvp/blockchain/sources/exchange.move:429:54
    [0m[34m│[0m
[0m[34m429[0m [0m[34m│[0m     fun emit_price_update(pool: &LiquidityPool, ctx: [0m[33m&mut TxContext[0m) {
    [0m[34m│[0m                                                 [0m[34m---[0m  [0m[33m^^^^^^^^^^^^^^[0m [0m[33mMutable reference is never used mutably, consider switching to an immutable reference '&' instead[0m
    [0m[34m│[0m                                                 [0m[34m│[0m     
    [0m[34m│[0m                                                 [0m[34mFor parameters, this can be silenced by prefixing the name with an underscore, e.g. '_ctx'[0m
    [0m[34m│[0m
    [0m[34m=[0m This warning can be suppressed with '#[allow(unused_mut_parameter)]' applied to the 'module' or module member ('const', 'fun', or 'struct')

[0m[1m[38;5;11mwarning[Lint W99010][0m[1m: unnecessary `entry` on a `public` function[0m
    [0m[34m┌─[0m /Users/john_c_chang/Documents/POC/SpecKit_test/taxcoin-mvp/blockchain/sources/exchange.move:512:12
    [0m[34m│[0m
[0m[34m512[0m [0m[34m│[0m     public [0m[33mentry[0m fun collect_fees(
    [0m[34m│[0m            [0m[33m^^^^^[0m [0m[33m`entry` on `public` functions limits composability as it adds restrictions, e.g. the type of each return value must have `drop`. `entry` on `public` is only meaningful in niche scenarios.[0m
    [0m[34m│[0m
    [0m[34m=[0m `public` functions can be called from PTBs. `entry` can be used to allow non-`public` functions to be called from PTBs, but it adds restrictions on the usage of input arguments and on the type of return values. Unless this `public` function interacts with an intricate set of other `entry` functions, the `entry` modifier should be removed.
    [0m[34m=[0m This warning can be suppressed with '#[allow(lint(public_entry))]' applied to the 'module' or module member ('const', 'fun', or 'struct')

[0m[1m[38;5;11mwarning[W02021][0m[1m: duplicate alias[0m
   [0m[34m┌─[0m /Users/john_c_chang/Documents/POC/SpecKit_test/taxcoin-mvp/blockchain/sources/taxcoin.move:12:14
   [0m[34m│[0m
[0m[34m12[0m [0m[34m│[0m     use sui::[0m[33mtransfer[0m;
   [0m[34m│[0m              [0m[33m^^^^^^^^[0m [0m[33mUnnecessary alias 'transfer' for module 'sui::transfer'. This alias is provided by default[0m
   [0m[34m│[0m
   [0m[34m=[0m This warning can be suppressed with '#[allow(duplicate_alias)]' applied to the 'module' or module member ('const', 'fun', or 'struct')

[0m[1m[38;5;11mwarning[W02021][0m[1m: duplicate alias[0m
   [0m[34m┌─[0m /Users/john_c_chang/Documents/POC/SpecKit_test/taxcoin-mvp/blockchain/sources/taxcoin.move:13:27
   [0m[34m│[0m
[0m[34m13[0m [0m[34m│[0m     use sui::tx_context::{[0m[33mSelf[0m, TxContext};
   [0m[34m│[0m                           [0m[33m^^^^[0m [0m[33mUnnecessary alias 'tx_context' for module 'sui::tx_context'. This alias is provided by default[0m
   [0m[34m│[0m
   [0m[34m=[0m This warning can be suppressed with '#[allow(duplicate_alias)]' applied to the 'module' or module member ('const', 'fun', or 'struct')

[0m[1m[38;5;11mwarning[W02021][0m[1m: duplicate alias[0m
   [0m[34m┌─[0m /Users/john_c_chang/Documents/POC/SpecKit_test/taxcoin-mvp/blockchain/sources/taxcoin.move:13:33
   [0m[34m│[0m
[0m[34m13[0m [0m[34m│[0m     use sui::tx_context::{Self, [0m[33mTxContext[0m};
   [0m[34m│[0m                                 [0m[33m^^^^^^^^^[0m [0m[33mUnnecessary alias 'TxContext' for module member 'sui::tx_context::TxContext'. This alias is provided by default[0m
   [0m[34m│[0m
   [0m[34m=[0m This warning can be suppressed with '#[allow(duplicate_alias)]' applied to the 'module' or module member ('const', 'fun', or 'struct')

[0m[1m[38;5;11mwarning[W09001][0m[1m: unused alias[0m
   [0m[34m┌─[0m /Users/john_c_chang/Documents/POC/SpecKit_test/taxcoin-mvp/blockchain/sources/taxcoin.move:14:24
   [0m[34m│[0m
[0m[34m14[0m [0m[34m│[0m     use sui::balance::{[0m[33mSelf[0m, Balance};
   [0m[34m│[0m                        [0m[33m^^^^[0m [0m[33mUnused 'use' of alias 'balance'. Consider removing it[0m
   [0m[34m│[0m
   [0m[34m=[0m This warning can be suppressed with '#[allow(unused_use)]' applied to the 'module' or module member ('const', 'fun', or 'struct')

[0m[1m[38;5;11mwarning[W09001][0m[1m: unused alias[0m
   [0m[34m┌─[0m /Users/john_c_chang/Documents/POC/SpecKit_test/taxcoin-mvp/blockchain/sources/taxcoin.move:14:30
   [0m[34m│[0m
[0m[34m14[0m [0m[34m│[0m     use sui::balance::{Self, [0m[33mBalance[0m};
   [0m[34m│[0m                              [0m[33m^^^^^^^[0m [0m[33mUnused 'use' of alias 'Balance'. Consider removing it[0m
   [0m[34m│[0m
   [0m[34m=[0m This warning can be suppressed with '#[allow(unused_use)]' applied to the 'module' or module member ('const', 'fun', or 'struct')

[0m[1m[38;5;11mwarning[W02021][0m[1m: duplicate alias[0m
   [0m[34m┌─[0m /Users/john_c_chang/Documents/POC/SpecKit_test/taxcoin-mvp/blockchain/sources/taxcoin.move:15:23
   [0m[34m│[0m
[0m[34m15[0m [0m[34m│[0m     use sui::object::{[0m[33mSelf[0m, UID};
   [0m[34m│[0m                       [0m[33m^^^^[0m [0m[33mUnnecessary alias 'object' for module 'sui::object'. This alias is provided by default[0m
   [0m[34m│[0m
   [0m[34m=[0m This warning can be suppressed with '#[allow(duplicate_alias)]' applied to the 'module' or module member ('const', 'fun', or 'struct')

[0m[1m[38;5;11mwarning[W02021][0m[1m: duplicate alias[0m
   [0m[34m┌─[0m /Users/john_c_chang/Documents/POC/SpecKit_test/taxcoin-mvp/blockchain/sources/taxcoin.move:15:29
   [0m[34m│[0m
[0m[34m15[0m [0m[34m│[0m     use sui::object::{Self, [0m[33mUID[0m};
   [0m[34m│[0m                             [0m[33m^^^[0m [0m[33mUnnecessary alias 'UID' for module member 'sui::object::UID'. This alias is provided by default[0m
   [0m[34m│[0m
   [0m[34m=[0m This warning can be suppressed with '#[allow(duplicate_alias)]' applied to the 'module' or module member ('const', 'fun', or 'struct')

[0m[1m[38;5;11mwarning[W09011][0m[1m: unused constant[0m
   [0m[34m┌─[0m /Users/john_c_chang/Documents/POC/SpecKit_test/taxcoin-mvp/blockchain/sources/taxcoin.move:20:11
   [0m[34m│[0m
[0m[34m20[0m [0m[34m│[0m     const [0m[33mE_NOT_AUTHORIZED[0m: u64 = 2;
   [0m[34m│[0m           [0m[33m^^^^^^^^^^^^^^^^[0m [0m[33mThe constant 'E_NOT_AUTHORIZED' is never used. Consider removing it.[0m
   [0m[34m│[0m
   [0m[34m=[0m This warning can be suppressed with '#[allow(unused_const)]' applied to the 'module' or module member ('const', 'fun', or 'struct')

[0m[1m[38;5;11mwarning[W04037][0m[1m: deprecated usage[0m
   [0m[34m┌─[0m /Users/john_c_chang/Documents/POC/SpecKit_test/taxcoin-mvp/blockchain/sources/taxcoin.move:53:42
   [0m[34m│[0m
[0m[34m53[0m [0m[34m│[0m         let (treasury, metadata) = coin::[0m[33mcreate_currency[0m(
   [0m[34m│[0m                                          [0m[33m^^^^^^^^^^^^^^^[0m [0m[33mThe function 'sui::coin::create_currency' is deprecated: Use `coin_registry::new_currency_with_otw` instead[0m
   [0m[34m│[0m
   [0m[34m=[0m This warning can be suppressed with '#[allow(deprecated_usage)]' applied to the 'module' or module member ('const', 'fun', or 'struct')

[0m[1m[38;5;11mwarning[Lint W99010][0m[1m: unnecessary `entry` on a `public` function[0m
   [0m[34m┌─[0m /Users/john_c_chang/Documents/POC/SpecKit_test/taxcoin-mvp/blockchain/sources/taxcoin.move:87:12
   [0m[34m│[0m
[0m[34m87[0m [0m[34m│[0m     public [0m[33mentry[0m fun mint(
   [0m[34m│[0m            [0m[33m^^^^^[0m [0m[33m`entry` on `public` functions limits composability as it adds restrictions, e.g. the type of each return value must have `drop`. `entry` on `public` is only meaningful in niche scenarios.[0m
   [0m[34m│[0m
   [0m[34m=[0m `public` functions can be called from PTBs. `entry` can be used to allow non-`public` functions to be called from PTBs, but it adds restrictions on the usage of input arguments and on the type of return values. Unless this `public` function interacts with an intricate set of other `entry` functions, the `entry` modifier should be removed.
   [0m[34m=[0m This warning can be suppressed with '#[allow(lint(public_entry))]' applied to the 'module' or module member ('const', 'fun', or 'struct')

[0m[1m[38;5;11mwarning[Lint W99010][0m[1m: unnecessary `entry` on a `public` function[0m
    [0m[34m┌─[0m /Users/john_c_chang/Documents/POC/SpecKit_test/taxcoin-mvp/blockchain/sources/taxcoin.move:113:12
    [0m[34m│[0m
[0m[34m113[0m [0m[34m│[0m     public [0m[33mentry[0m fun batch_mint(
    [0m[34m│[0m            [0m[33m^^^^^[0m [0m[33m`entry` on `public` functions limits composability as it adds restrictions, e.g. the type of each return value must have `drop`. `entry` on `public` is only meaningful in niche scenarios.[0m
    [0m[34m│[0m
    [0m[34m=[0m `public` functions can be called from PTBs. `entry` can be used to allow non-`public` functions to be called from PTBs, but it adds restrictions on the usage of input arguments and on the type of return values. Unless this `public` function interacts with an intricate set of other `entry` functions, the `entry` modifier should be removed.
    [0m[34m=[0m This warning can be suppressed with '#[allow(lint(public_entry))]' applied to the 'module' or module member ('const', 'fun', or 'struct')

[0m[1m[38;5;11mwarning[Lint W99010][0m[1m: unnecessary `entry` on a `public` function[0m
    [0m[34m┌─[0m /Users/john_c_chang/Documents/POC/SpecKit_test/taxcoin-mvp/blockchain/sources/taxcoin.move:146:12
    [0m[34m│[0m
[0m[34m146[0m [0m[34m│[0m     public [0m[33mentry[0m fun burn(
    [0m[34m│[0m            [0m[33m^^^^^[0m [0m[33m`entry` on `public` functions limits composability as it adds restrictions, e.g. the type of each return value must have `drop`. `entry` on `public` is only meaningful in niche scenarios.[0m
    [0m[34m│[0m
    [0m[34m=[0m `public` functions can be called from PTBs. `entry` can be used to allow non-`public` functions to be called from PTBs, but it adds restrictions on the usage of input arguments and on the type of return values. Unless this `public` function interacts with an intricate set of other `entry` functions, the `entry` modifier should be removed.
    [0m[34m=[0m This warning can be suppressed with '#[allow(lint(public_entry))]' applied to the 'module' or module member ('const', 'fun', or 'struct')

[0m[1m[38;5;11mwarning[Lint W99010][0m[1m: unnecessary `entry` on a `public` function[0m
    [0m[34m┌─[0m /Users/john_c_chang/Documents/POC/SpecKit_test/taxcoin-mvp/blockchain/sources/taxcoin.move:163:12
    [0m[34m│[0m
[0m[34m163[0m [0m[34m│[0m     public [0m[33mentry[0m fun transfer(
    [0m[34m│[0m            [0m[33m^^^^^[0m [0m[33m`entry` on `public` functions limits composability as it adds restrictions, e.g. the type of each return value must have `drop`. `entry` on `public` is only meaningful in niche scenarios.[0m
    [0m[34m│[0m
    [0m[34m=[0m `public` functions can be called from PTBs. `entry` can be used to allow non-`public` functions to be called from PTBs, but it adds restrictions on the usage of input arguments and on the type of return values. Unless this `public` function interacts with an intricate set of other `entry` functions, the `entry` modifier should be removed.
    [0m[34m=[0m This warning can be suppressed with '#[allow(lint(public_entry))]' applied to the 'module' or module member ('const', 'fun', or 'struct')

[0m[1m[38;5;11mwarning[Lint W99010][0m[1m: unnecessary `entry` on a `public` function[0m
    [0m[34m┌─[0m /Users/john_c_chang/Documents/POC/SpecKit_test/taxcoin-mvp/blockchain/sources/taxcoin.move:182:12
    [0m[34m│[0m
[0m[34m182[0m [0m[34m│[0m     public [0m[33mentry[0m fun join(
    [0m[34m│[0m            [0m[33m^^^^^[0m [0m[33m`entry` on `public` functions limits composability as it adds restrictions, e.g. the type of each return value must have `drop`. `entry` on `public` is only meaningful in niche scenarios.[0m
    [0m[34m│[0m
    [0m[34m=[0m `public` functions can be called from PTBs. `entry` can be used to allow non-`public` functions to be called from PTBs, but it adds restrictions on the usage of input arguments and on the type of return values. Unless this `public` function interacts with an intricate set of other `entry` functions, the `entry` modifier should be removed.
    [0m[34m=[0m This warning can be suppressed with '#[allow(lint(public_entry))]' applied to the 'module' or module member ('const', 'fun', or 'struct')

Please report feedback on the linter warnings at https://forums.sui.io

Skipping dependency verification
Error executing transaction 'FEkEsVkcmTJv2a1R9gAuMsroAJFesyeMEyC71YEj2uLu': InsufficientGas
